<?xml version="1.0" encoding="UTF-8"?>
<coverage generated="1686236298695" clover="3.2.0">
  <project timestamp="1686236298696" name="All files">
    <metrics statements="101" coveredstatements="101" conditionals="29" coveredconditionals="29" methods="5" coveredmethods="5" elements="135" coveredelements="135" complexity="0" loc="101" ncloc="101" packages="1" files="3" classes="3"/>
    <file name="Calculator.jsx" path="C:\Users\italo\00_PROYECTS\00_test_code\tests\testing\src\Calculator.jsx">
      <metrics statements="45" coveredstatements="45" conditionals="7" coveredconditionals="7" methods="3" coveredmethods="3"/>
      <line num="1" count="1" type="stmt"/>
      <line num="2" count="1" type="stmt"/>
      <line num="3" count="1" type="stmt"/>
      <line num="4" count="1" type="stmt"/>
      <line num="5" count="1" type="stmt"/>
      <line num="6" count="1" type="stmt"/>
      <line num="7" count="1" type="stmt"/>
      <line num="8" count="1" type="stmt"/>
      <line num="9" count="1" type="stmt"/>
      <line num="10" count="1" type="stmt"/>
      <line num="11" count="1" type="stmt"/>
      <line num="12" count="1" type="stmt"/>
      <line num="13" count="1" type="stmt"/>
      <line num="14" count="1" type="stmt"/>
      <line num="15" count="1" type="stmt"/>
      <line num="16" count="1" type="cond" truecount="1" falsecount="0"/>
      <line num="17" count="22" type="stmt"/>
      <line num="18" count="22" type="stmt"/>
      <line num="19" count="22" type="stmt"/>
      <line num="20" count="22" type="cond" truecount="2" falsecount="0"/>
      <line num="21" count="22" type="stmt"/>
      <line num="22" count="22" type="stmt"/>
      <line num="23" count="22" type="stmt"/>
      <line num="24" count="22" type="stmt"/>
      <line num="25" count="22" type="stmt"/>
      <line num="26" count="22" type="stmt"/>
      <line num="27" count="22" type="cond" truecount="1" falsecount="0"/>
      <line num="28" count="88" type="stmt"/>
      <line num="29" count="88" type="cond" truecount="1" falsecount="0"/>
      <line num="30" count="220" type="stmt"/>
      <line num="31" count="220" type="stmt"/>
      <line num="32" count="220" type="stmt"/>
      <line num="33" count="88" type="stmt"/>
      <line num="34" count="88" type="stmt"/>
      <line num="35" count="22" type="stmt"/>
      <line num="36" count="22" type="stmt"/>
      <line num="37" count="22" type="cond" truecount="1" falsecount="0"/>
      <line num="38" count="88" type="stmt"/>
      <line num="39" count="22" type="stmt"/>
      <line num="40" count="22" type="stmt"/>
      <line num="41" count="22" type="cond" truecount="1" falsecount="0"/>
      <line num="42" count="22" type="stmt"/>
      <line num="43" count="22" type="stmt"/>
      <line num="44" count="22" type="stmt"/>
      <line num="45" count="22" type="stmt"/>
    </file>
    <file name="fizzbuzz.js" path="C:\Users\italo\00_PROYECTS\00_test_code\tests\testing\src\fizzbuzz.js">
      <metrics statements="29" coveredstatements="29" conditionals="8" coveredconditionals="8" methods="1" coveredmethods="1"/>
      <line num="1" count="1" type="stmt"/>
      <line num="2" count="1" type="stmt"/>
      <line num="3" count="1" type="stmt"/>
      <line num="4" count="1" type="stmt"/>
      <line num="5" count="1" type="stmt"/>
      <line num="6" count="1" type="stmt"/>
      <line num="7" count="1" type="stmt"/>
      <line num="8" count="1" type="stmt"/>
      <line num="9" count="1" type="cond" truecount="1" falsecount="0"/>
      <line num="10" count="18" type="stmt"/>
      <line num="11" count="18" type="cond" truecount="1" falsecount="0"/>
      <line num="12" count="18" type="cond" truecount="2" falsecount="0"/>
      <line num="13" count="15" type="cond" truecount="1" falsecount="0"/>
      <line num="14" count="15" type="stmt"/>
      <line num="15" count="15" type="stmt"/>
      <line num="16" count="15" type="stmt"/>
      <line num="17" count="15" type="stmt"/>
      <line num="18" count="15" type="stmt"/>
      <line num="19" count="15" type="cond" truecount="1" falsecount="0"/>
      <line num="20" count="45" type="cond" truecount="1" falsecount="0"/>
      <line num="21" count="15" type="stmt"/>
      <line num="22" count="15" type="stmt"/>
      <line num="23" count="15" type="stmt"/>
      <line num="24" count="15" type="stmt"/>
      <line num="25" count="15" type="stmt"/>
      <line num="26" count="15" type="stmt"/>
      <line num="27" count="15" type="stmt"/>
      <line num="28" count="18" type="cond" truecount="1" falsecount="0"/>
      <line num="29" count="18" type="stmt"/>
    </file>
    <file name="gift.js" path="C:\Users\italo\00_PROYECTS\00_test_code\tests\testing\src\gift.js">
      <metrics statements="27" coveredstatements="27" conditionals="14" coveredconditionals="14" methods="1" coveredmethods="1"/>
      <line num="1" count="1" type="stmt"/>
      <line num="2" count="1" type="cond" truecount="1" falsecount="0"/>
      <line num="3" count="8" type="stmt"/>
      <line num="4" count="8" type="cond" truecount="1" falsecount="0"/>
      <line num="5" count="8" type="cond" truecount="2" falsecount="0"/>
      <line num="6" count="5" type="cond" truecount="1" falsecount="0"/>
      <line num="7" count="5" type="stmt"/>
      <line num="8" count="8" type="cond" truecount="1" falsecount="0"/>
      <line num="9" count="3" type="cond" truecount="1" falsecount="0"/>
      <line num="10" count="3" type="stmt"/>
      <line num="11" count="3" type="stmt"/>
      <line num="12" count="8" type="cond" truecount="1" falsecount="0"/>
      <line num="13" count="2" type="cond" truecount="1" falsecount="0"/>
      <line num="14" count="2" type="stmt"/>
      <line num="15" count="2" type="stmt"/>
      <line num="16" count="8" type="cond" truecount="1" falsecount="0"/>
      <line num="17" count="5" type="stmt"/>
      <line num="18" count="5" type="stmt"/>
      <line num="19" count="5" type="stmt"/>
      <line num="20" count="5" type="stmt"/>
      <line num="21" count="5" type="cond" truecount="2" falsecount="0"/>
      <line num="22" count="4" type="cond" truecount="1" falsecount="0"/>
      <line num="23" count="4" type="stmt"/>
      <line num="24" count="4" type="stmt"/>
      <line num="25" count="1" type="cond" truecount="1" falsecount="0"/>
      <line num="26" count="1" type="stmt"/>
      <line num="27" count="1" type="stmt"/>
    </file>
  </project>
</coverage>
