{"C:\\Users\\italo\\00_PROYECTS\\00_test_code\\tests\\testing\\src\\Calculator.jsx": {"path":"C:\\Users\\italo\\00_PROYECTS\\00_test_code\\tests\\testing\\src\\Calculator.jsx","all":false,"statementMap":{"0":{"start":{"line":1,"column":0},"end":{"line":1,"column":33}},"1":{"start":{"line":2,"column":0},"end":{"line":2,"column":33}},"2":{"start":{"line":3,"column":0},"end":{"line":3,"column":0}},"3":{"start":{"line":4,"column":0},"end":{"line":4,"column":54}},"4":{"start":{"line":5,"column":0},"end":{"line":5,"column":0}},"5":{"start":{"line":6,"column":0},"end":{"line":6,"column":14}},"6":{"start":{"line":7,"column":0},"end":{"line":7,"column":12}},"7":{"start":{"line":8,"column":0},"end":{"line":8,"column":12}},"8":{"start":{"line":9,"column":0},"end":{"line":9,"column":12}},"9":{"start":{"line":10,"column":0},"end":{"line":10,"column":5}},"10":{"start":{"line":11,"column":0},"end":{"line":11,"column":2}},"11":{"start":{"line":12,"column":0},"end":{"line":12,"column":0}},"12":{"start":{"line":13,"column":0},"end":{"line":13,"column":47}},"13":{"start":{"line":14,"column":0},"end":{"line":14,"column":29}},"14":{"start":{"line":15,"column":0},"end":{"line":15,"column":0}},"15":{"start":{"line":16,"column":0},"end":{"line":16,"column":33}},"16":{"start":{"line":17,"column":0},"end":{"line":17,"column":0}},"17":{"start":{"line":18,"column":0},"end":{"line":18,"column":41}},"18":{"start":{"line":19,"column":0},"end":{"line":19,"column":0}},"19":{"start":{"line":20,"column":0},"end":{"line":20,"column":67}},"20":{"start":{"line":21,"column":0},"end":{"line":21,"column":0}},"21":{"start":{"line":22,"column":0},"end":{"line":22,"column":10}},"22":{"start":{"line":23,"column":0},"end":{"line":23,"column":13}},"23":{"start":{"line":24,"column":0},"end":{"line":24,"column":25}},"24":{"start":{"line":25,"column":0},"end":{"line":25,"column":37}},"25":{"start":{"line":26,"column":0},"end":{"line":26,"column":23}},"26":{"start":{"line":27,"column":0},"end":{"line":27,"column":31}},"27":{"start":{"line":28,"column":0},"end":{"line":28,"column":34}},"28":{"start":{"line":29,"column":0},"end":{"line":29,"column":30}},"29":{"start":{"line":30,"column":0},"end":{"line":30,"column":69}},"30":{"start":{"line":31,"column":0},"end":{"line":31,"column":22}},"31":{"start":{"line":32,"column":0},"end":{"line":32,"column":21}},"32":{"start":{"line":33,"column":0},"end":{"line":33,"column":13}},"33":{"start":{"line":34,"column":0},"end":{"line":34,"column":14}},"34":{"start":{"line":35,"column":0},"end":{"line":35,"column":9}},"35":{"start":{"line":36,"column":0},"end":{"line":36,"column":0}},"36":{"start":{"line":37,"column":0},"end":{"line":37,"column":40}},"37":{"start":{"line":38,"column":0},"end":{"line":38,"column":93}},"38":{"start":{"line":39,"column":0},"end":{"line":39,"column":11}},"39":{"start":{"line":40,"column":0},"end":{"line":40,"column":0}},"40":{"start":{"line":41,"column":0},"end":{"line":41,"column":79}},"41":{"start":{"line":42,"column":0},"end":{"line":42,"column":12}},"42":{"start":{"line":43,"column":0},"end":{"line":43,"column":14}},"43":{"start":{"line":44,"column":0},"end":{"line":44,"column":3}},"44":{"start":{"line":45,"column":0},"end":{"line":45,"column":1}}},"s":{"0":1,"1":1,"2":1,"3":1,"4":1,"5":1,"6":1,"7":1,"8":1,"9":1,"10":1,"11":1,"12":1,"13":1,"14":1,"15":1,"16":22,"17":22,"18":22,"19":22,"20":22,"21":22,"22":22,"23":22,"24":22,"25":22,"26":22,"27":88,"28":88,"29":220,"30":220,"31":220,"32":88,"33":88,"34":22,"35":22,"36":22,"37":88,"38":22,"39":22,"40":22,"41":22,"42":22,"43":22,"44":22},"branchMap":{"0":{"type":"branch","line":16,"loc":{"start":{"line":16,"column":26},"end":{"line":45,"column":1}},"locations":[{"start":{"line":16,"column":26},"end":{"line":45,"column":1}}]},"1":{"type":"branch","line":20,"loc":{"start":{"line":20,"column":28},"end":{"line":20,"column":67}},"locations":[{"start":{"line":20,"column":28},"end":{"line":20,"column":67}}]},"2":{"type":"branch","line":20,"loc":{"start":{"line":20,"column":34},"end":{"line":20,"column":67}},"locations":[{"start":{"line":20,"column":34},"end":{"line":20,"column":67}}]},"3":{"type":"branch","line":27,"loc":{"start":{"line":27,"column":16},"end":{"line":34,"column":14}},"locations":[{"start":{"line":27,"column":16},"end":{"line":34,"column":14}}]},"4":{"type":"branch","line":29,"loc":{"start":{"line":29,"column":19},"end":{"line":32,"column":21}},"locations":[{"start":{"line":29,"column":19},"end":{"line":32,"column":21}}]},"5":{"type":"branch","line":37,"loc":{"start":{"line":37,"column":24},"end":{"line":38,"column":93}},"locations":[{"start":{"line":37,"column":24},"end":{"line":38,"column":93}}]},"6":{"type":"branch","line":41,"loc":{"start":{"line":41,"column":25},"end":{"line":41,"column":60}},"locations":[{"start":{"line":41,"column":25},"end":{"line":41,"column":60}}]}},"b":{"0":[22],"1":[308],"2":[10],"3":[88],"4":[220],"5":[88],"6":[1]},"fnMap":{"0":{"name":"Calculator","decl":{"start":{"line":16,"column":26},"end":{"line":45,"column":1}},"loc":{"start":{"line":16,"column":26},"end":{"line":45,"column":1}},"line":16},"1":{"name":"createHandleClick","decl":{"start":{"line":20,"column":28},"end":{"line":20,"column":67}},"loc":{"start":{"line":20,"column":28},"end":{"line":20,"column":67}},"line":20},"2":{"name":"onClick","decl":{"start":{"line":41,"column":25},"end":{"line":41,"column":60}},"loc":{"start":{"line":41,"column":25},"end":{"line":41,"column":60}},"line":41}},"f":{"0":22,"1":308,"2":1}}
,"C:\\Users\\italo\\00_PROYECTS\\00_test_code\\tests\\testing\\src\\fizzbuzz.js": {"path":"C:\\Users\\italo\\00_PROYECTS\\00_test_code\\tests\\testing\\src\\fizzbuzz.js","all":false,"statementMap":{"0":{"start":{"line":1,"column":0},"end":{"line":1,"column":3}},"1":{"start":{"line":2,"column":0},"end":{"line":2,"column":49}},"2":{"start":{"line":3,"column":0},"end":{"line":3,"column":41}},"3":{"start":{"line":4,"column":0},"end":{"line":4,"column":41}},"4":{"start":{"line":5,"column":0},"end":{"line":5,"column":49}},"5":{"start":{"line":6,"column":0},"end":{"line":6,"column":71}},"6":{"start":{"line":7,"column":0},"end":{"line":7,"column":3}},"7":{"start":{"line":8,"column":0},"end":{"line":8,"column":0}},"8":{"start":{"line":9,"column":0},"end":{"line":9,"column":37}},"9":{"start":{"line":10,"column":0},"end":{"line":10,"column":0}},"10":{"start":{"line":11,"column":0},"end":{"line":11,"column":89}},"11":{"start":{"line":12,"column":0},"end":{"line":12,"column":83}},"12":{"start":{"line":13,"column":0},"end":{"line":13,"column":2}},"13":{"start":{"line":14,"column":0},"end":{"line":14,"column":57}},"14":{"start":{"line":15,"column":0},"end":{"line":15,"column":18}},"15":{"start":{"line":16,"column":0},"end":{"line":16,"column":0}},"16":{"start":{"line":17,"column":0},"end":{"line":17,"column":8}},"17":{"start":{"line":18,"column":0},"end":{"line":18,"column":24}},"18":{"start":{"line":19,"column":0},"end":{"line":19,"column":38}},"19":{"start":{"line":20,"column":0},"end":{"line":20,"column":50}},"20":{"start":{"line":21,"column":0},"end":{"line":21,"column":6}},"21":{"start":{"line":22,"column":0},"end":{"line":22,"column":0}},"22":{"start":{"line":23,"column":0},"end":{"line":23,"column":13}},"23":{"start":{"line":24,"column":0},"end":{"line":24,"column":46}},"24":{"start":{"line":25,"column":0},"end":{"line":25,"column":41}},"25":{"start":{"line":26,"column":0},"end":{"line":26,"column":41}},"26":{"start":{"line":27,"column":0},"end":{"line":27,"column":0}},"27":{"start":{"line":28,"column":0},"end":{"line":28,"column":26}},"28":{"start":{"line":29,"column":0},"end":{"line":29,"column":1}}},"s":{"0":1,"1":1,"2":1,"3":1,"4":1,"5":1,"6":1,"7":1,"8":1,"9":18,"10":18,"11":18,"12":15,"13":15,"14":15,"15":15,"16":15,"17":15,"18":15,"19":45,"20":15,"21":15,"22":15,"23":15,"24":15,"25":15,"26":15,"27":18,"28":18},"branchMap":{"0":{"type":"branch","line":9,"loc":{"start":{"line":9,"column":24},"end":{"line":29,"column":1}},"locations":[{"start":{"line":9,"column":24},"end":{"line":29,"column":1}}]},"1":{"type":"branch","line":11,"loc":{"start":{"line":11,"column":34},"end":{"line":11,"column":89}},"locations":[{"start":{"line":11,"column":34},"end":{"line":11,"column":89}}]},"2":{"type":"branch","line":12,"loc":{"start":{"line":12,"column":-2},"end":{"line":12,"column":28}},"locations":[{"start":{"line":12,"column":-2},"end":{"line":12,"column":28}}]},"3":{"type":"branch","line":12,"loc":{"start":{"line":12,"column":28},"end":{"line":12,"column":83}},"locations":[{"start":{"line":12,"column":28},"end":{"line":12,"column":83}}]},"4":{"type":"branch","line":13,"loc":{"start":{"line":13,"column":-2},"end":{"line":28,"column":16}},"locations":[{"start":{"line":13,"column":-2},"end":{"line":28,"column":16}}]},"5":{"type":"branch","line":28,"loc":{"start":{"line":28,"column":16},"end":{"line":28,"column":25}},"locations":[{"start":{"line":28,"column":16},"end":{"line":28,"column":25}}]},"6":{"type":"branch","line":19,"loc":{"start":{"line":19,"column":13},"end":{"line":21,"column":5}},"locations":[{"start":{"line":19,"column":13},"end":{"line":21,"column":5}}]},"7":{"type":"branch","line":20,"loc":{"start":{"line":20,"column":36},"end":{"line":20,"column":50}},"locations":[{"start":{"line":20,"column":36},"end":{"line":20,"column":50}}]}},"b":{"0":[18],"1":[2],"2":[16],"3":[1],"4":[15],"5":[2],"6":[45],"7":[17]},"fnMap":{"0":{"name":"fizzbuzz","decl":{"start":{"line":9,"column":24},"end":{"line":29,"column":1}},"loc":{"start":{"line":9,"column":24},"end":{"line":29,"column":1}},"line":9}},"f":{"0":18}}
,"C:\\Users\\italo\\00_PROYECTS\\00_test_code\\tests\\testing\\src\\gift.js": {"path":"C:\\Users\\italo\\00_PROYECTS\\00_test_code\\tests\\testing\\src\\gift.js","all":false,"statementMap":{"0":{"start":{"line":1,"column":0},"end":{"line":1,"column":0}},"1":{"start":{"line":2,"column":0},"end":{"line":2,"column":45}},"2":{"start":{"line":3,"column":0},"end":{"line":3,"column":0}},"3":{"start":{"line":4,"column":0},"end":{"line":4,"column":72}},"4":{"start":{"line":5,"column":0},"end":{"line":5,"column":68}},"5":{"start":{"line":6,"column":0},"end":{"line":6,"column":0}},"6":{"start":{"line":7,"column":0},"end":{"line":7,"column":48}},"7":{"start":{"line":8,"column":0},"end":{"line":8,"column":34}},"8":{"start":{"line":9,"column":0},"end":{"line":9,"column":0}},"9":{"start":{"line":10,"column":0},"end":{"line":10,"column":71}},"10":{"start":{"line":11,"column":0},"end":{"line":11,"column":0}},"11":{"start":{"line":12,"column":0},"end":{"line":12,"column":42}},"12":{"start":{"line":13,"column":0},"end":{"line":13,"column":0}},"13":{"start":{"line":14,"column":0},"end":{"line":14,"column":28}},"14":{"start":{"line":15,"column":0},"end":{"line":15,"column":0}},"15":{"start":{"line":16,"column":0},"end":{"line":16,"column":41}},"16":{"start":{"line":17,"column":0},"end":{"line":17,"column":31}},"17":{"start":{"line":18,"column":0},"end":{"line":18,"column":27}},"18":{"start":{"line":19,"column":0},"end":{"line":19,"column":0}},"19":{"start":{"line":20,"column":0},"end":{"line":20,"column":52}},"20":{"start":{"line":21,"column":0},"end":{"line":21,"column":64}},"21":{"start":{"line":22,"column":0},"end":{"line":22,"column":0}},"22":{"start":{"line":23,"column":0},"end":{"line":23,"column":43}},"23":{"start":{"line":24,"column":0},"end":{"line":24,"column":3}},"24":{"start":{"line":25,"column":0},"end":{"line":25,"column":0}},"25":{"start":{"line":26,"column":0},"end":{"line":26,"column":14}},"26":{"start":{"line":27,"column":0},"end":{"line":27,"column":1}}},"s":{"0":1,"1":1,"2":8,"3":8,"4":8,"5":5,"6":5,"7":8,"8":3,"9":3,"10":3,"11":8,"12":2,"13":2,"14":2,"15":8,"16":5,"17":5,"18":5,"19":5,"20":5,"21":4,"22":4,"23":4,"24":1,"25":1,"26":1},"branchMap":{"0":{"type":"branch","line":2,"loc":{"start":{"line":2,"column":30},"end":{"line":27,"column":1}},"locations":[{"start":{"line":2,"column":30},"end":{"line":27,"column":1}}]},"1":{"type":"branch","line":4,"loc":{"start":{"line":4,"column":32},"end":{"line":4,"column":72}},"locations":[{"start":{"line":4,"column":32},"end":{"line":4,"column":72}}]},"2":{"type":"branch","line":5,"loc":{"start":{"line":5,"column":-2},"end":{"line":5,"column":30}},"locations":[{"start":{"line":5,"column":-2},"end":{"line":5,"column":30}}]},"3":{"type":"branch","line":5,"loc":{"start":{"line":5,"column":30},"end":{"line":5,"column":68}},"locations":[{"start":{"line":5,"column":30},"end":{"line":5,"column":68}}]},"4":{"type":"branch","line":6,"loc":{"start":{"line":6,"column":-2},"end":{"line":8,"column":21}},"locations":[{"start":{"line":6,"column":-2},"end":{"line":8,"column":21}}]},"5":{"type":"branch","line":8,"loc":{"start":{"line":8,"column":21},"end":{"line":8,"column":34}},"locations":[{"start":{"line":8,"column":21},"end":{"line":8,"column":34}}]},"6":{"type":"branch","line":9,"loc":{"start":{"line":9,"column":-2},"end":{"line":12,"column":29}},"locations":[{"start":{"line":9,"column":-2},"end":{"line":12,"column":29}}]},"7":{"type":"branch","line":12,"loc":{"start":{"line":12,"column":29},"end":{"line":12,"column":42}},"locations":[{"start":{"line":12,"column":29},"end":{"line":12,"column":42}}]},"8":{"type":"branch","line":13,"loc":{"start":{"line":13,"column":-2},"end":{"line":16,"column":40}},"locations":[{"start":{"line":13,"column":-2},"end":{"line":16,"column":40}}]},"9":{"type":"branch","line":16,"loc":{"start":{"line":16,"column":40},"end":{"line":24,"column":3}},"locations":[{"start":{"line":16,"column":40},"end":{"line":24,"column":3}}]},"10":{"type":"branch","line":21,"loc":{"start":{"line":21,"column":21},"end":{"line":21,"column":49}},"locations":[{"start":{"line":21,"column":21},"end":{"line":21,"column":49}}]},"11":{"type":"branch","line":21,"loc":{"start":{"line":21,"column":51},"end":{"line":21,"column":64}},"locations":[{"start":{"line":21,"column":51},"end":{"line":21,"column":64}}]},"12":{"type":"branch","line":22,"loc":{"start":{"line":22,"column":-2},"end":{"line":24,"column":3}},"locations":[{"start":{"line":22,"column":-2},"end":{"line":24,"column":3}}]},"13":{"type":"branch","line":25,"loc":{"start":{"line":25,"column":-2},"end":{"line":27,"column":1}},"locations":[{"start":{"line":25,"column":-2},"end":{"line":27,"column":1}}]}},"b":{"0":[8],"1":[2],"2":[6],"3":[1],"4":[5],"5":[2],"6":[3],"7":[1],"8":[2],"9":[5],"10":[1],"11":[1],"12":[4],"13":[1]},"fnMap":{"0":{"name":"canReconfigure","decl":{"start":{"line":2,"column":30},"end":{"line":27,"column":1}},"loc":{"start":{"line":2,"column":30},"end":{"line":27,"column":1}},"line":2}},"f":{"0":8}}
}
